mode: set
github.com/hd719/go-bookings/cmd/web/main.go:23.13,25.16 2 0
github.com/hd719/go-bookings/cmd/web/main.go:25.16,27.3 1 0
github.com/hd719/go-bookings/cmd/web/main.go:29.2,37.16 4 0
github.com/hd719/go-bookings/cmd/web/main.go:40.18,56.16 10 1
github.com/hd719/go-bookings/cmd/web/main.go:56.16,59.3 2 0
github.com/hd719/go-bookings/cmd/web/main.go:61.2,69.12 6 1
github.com/hd719/go-bookings/cmd/web/middleware.go:11.53,12.71 1 0
github.com/hd719/go-bookings/cmd/web/middleware.go:12.71,15.3 2 0
github.com/hd719/go-bookings/cmd/web/middleware.go:19.45,30.2 3 1
github.com/hd719/go-bookings/cmd/web/middleware.go:33.50,35.2 1 1
github.com/hd719/go-bookings/cmd/web/routes.go:13.49,40.2 18 1
github.com/hd719/go-bookings/internal/render/render.go:20.40,22.2 1 1
github.com/hd719/go-bookings/internal/render/render.go:24.84,31.2 5 1
github.com/hd719/go-bookings/internal/render/render.go:33.107,37.18 2 1
github.com/hd719/go-bookings/internal/render/render.go:37.18,39.3 1 0
github.com/hd719/go-bookings/internal/render/render.go:39.8,41.3 1 1
github.com/hd719/go-bookings/internal/render/render.go:43.2,44.9 2 1
github.com/hd719/go-bookings/internal/render/render.go:44.9,47.3 1 1
github.com/hd719/go-bookings/internal/render/render.go:49.2,56.16 5 1
github.com/hd719/go-bookings/internal/render/render.go:56.16,59.3 2 0
github.com/hd719/go-bookings/internal/render/render.go:61.2,61.12 1 1
github.com/hd719/go-bookings/internal/render/render.go:64.67,70.16 3 1
github.com/hd719/go-bookings/internal/render/render.go:70.16,72.3 1 0
github.com/hd719/go-bookings/internal/render/render.go:75.2,75.29 1 1
github.com/hd719/go-bookings/internal/render/render.go:75.29,81.17 3 1
github.com/hd719/go-bookings/internal/render/render.go:81.17,83.4 1 0
github.com/hd719/go-bookings/internal/render/render.go:87.3,88.17 2 1
github.com/hd719/go-bookings/internal/render/render.go:88.17,90.4 1 0
github.com/hd719/go-bookings/internal/render/render.go:92.3,92.23 1 1
github.com/hd719/go-bookings/internal/render/render.go:92.23,96.18 2 1
github.com/hd719/go-bookings/internal/render/render.go:96.18,98.5 1 0
github.com/hd719/go-bookings/internal/render/render.go:101.3,101.21 1 1
github.com/hd719/go-bookings/internal/render/render.go:107.2,107.21 1 1
github.com/hd719/go-bookings/internal/handlers/handlers.go:21.47,27.2 2 1
github.com/hd719/go-bookings/internal/handlers/handlers.go:29.33,31.2 1 1
github.com/hd719/go-bookings/internal/handlers/handlers.go:33.67,39.2 3 1
github.com/hd719/go-bookings/internal/handlers/handlers.go:41.68,52.2 3 1
github.com/hd719/go-bookings/internal/handlers/handlers.go:54.71,56.2 1 1
github.com/hd719/go-bookings/internal/handlers/handlers.go:58.69,60.2 1 1
github.com/hd719/go-bookings/internal/handlers/handlers.go:62.75,64.2 1 1
github.com/hd719/go-bookings/internal/handlers/handlers.go:67.79,73.2 3 1
github.com/hd719/go-bookings/internal/handlers/handlers.go:81.79,90.16 4 1
github.com/hd719/go-bookings/internal/handlers/handlers.go:90.16,92.3 1 0
github.com/hd719/go-bookings/internal/handlers/handlers.go:94.2,95.14 2 1
github.com/hd719/go-bookings/internal/handlers/handlers.go:98.70,100.2 1 1
github.com/hd719/go-bookings/internal/handlers/handlers.go:102.74,111.2 4 1
github.com/hd719/go-bookings/internal/handlers/handlers.go:113.78,115.16 2 1
github.com/hd719/go-bookings/internal/handlers/handlers.go:115.16,118.3 2 0
github.com/hd719/go-bookings/internal/handlers/handlers.go:121.2,143.19 6 1
github.com/hd719/go-bookings/internal/handlers/handlers.go:143.19,153.3 4 0
github.com/hd719/go-bookings/internal/handlers/handlers.go:156.2,162.66 3 1
github.com/hd719/go-bookings/internal/handlers/handlers.go:165.81,169.9 2 1
github.com/hd719/go-bookings/internal/handlers/handlers.go:169.9,174.3 4 1
github.com/hd719/go-bookings/internal/handlers/handlers.go:177.2,184.4 4 0
github.com/hd719/go-bookings/internal/forms/errors.go:7.44,9.2 1 1
github.com/hd719/go-bookings/internal/forms/errors.go:12.42,15.18 2 1
github.com/hd719/go-bookings/internal/forms/errors.go:15.18,17.3 1 1
github.com/hd719/go-bookings/internal/forms/errors.go:19.2,19.14 1 1
github.com/hd719/go-bookings/internal/forms/forms.go:18.33,23.2 1 1
github.com/hd719/go-bookings/internal/forms/forms.go:26.29,28.2 1 1
github.com/hd719/go-bookings/internal/forms/forms.go:31.43,32.31 1 1
github.com/hd719/go-bookings/internal/forms/forms.go:32.31,36.33 2 1
github.com/hd719/go-bookings/internal/forms/forms.go:36.33,38.4 1 1
github.com/hd719/go-bookings/internal/forms/forms.go:43.39,45.13 2 1
github.com/hd719/go-bookings/internal/forms/forms.go:45.13,48.3 1 1
github.com/hd719/go-bookings/internal/forms/forms.go:50.2,50.13 1 1
github.com/hd719/go-bookings/internal/forms/forms.go:54.57,57.21 2 1
github.com/hd719/go-bookings/internal/forms/forms.go:57.21,60.3 2 1
github.com/hd719/go-bookings/internal/forms/forms.go:62.2,62.13 1 1
github.com/hd719/go-bookings/internal/forms/forms.go:66.38,67.40 1 1
github.com/hd719/go-bookings/internal/forms/forms.go:67.40,69.3 1 1
