mode: set
github.com/hd719/go-bookings/internal/forms/errors.go:7.44,9.2 1 1
github.com/hd719/go-bookings/internal/forms/errors.go:12.42,15.18 2 1
github.com/hd719/go-bookings/internal/forms/errors.go:15.18,17.3 1 1
github.com/hd719/go-bookings/internal/forms/errors.go:19.2,19.14 1 1
github.com/hd719/go-bookings/internal/forms/forms.go:18.33,23.2 1 1
github.com/hd719/go-bookings/internal/forms/forms.go:26.29,28.2 1 1
github.com/hd719/go-bookings/internal/forms/forms.go:31.43,32.31 1 1
github.com/hd719/go-bookings/internal/forms/forms.go:32.31,36.33 2 1
github.com/hd719/go-bookings/internal/forms/forms.go:36.33,38.4 1 1
github.com/hd719/go-bookings/internal/forms/forms.go:43.39,45.13 2 1
github.com/hd719/go-bookings/internal/forms/forms.go:45.13,48.3 1 1
github.com/hd719/go-bookings/internal/forms/forms.go:50.2,50.13 1 1
github.com/hd719/go-bookings/internal/forms/forms.go:54.57,57.21 2 1
github.com/hd719/go-bookings/internal/forms/forms.go:57.21,60.3 2 1
github.com/hd719/go-bookings/internal/forms/forms.go:62.2,62.13 1 1
github.com/hd719/go-bookings/internal/forms/forms.go:66.38,67.40 1 1
github.com/hd719/go-bookings/internal/forms/forms.go:67.40,69.3 1 1
github.com/hd719/go-bookings/internal/driver/driver.go:24.42,26.16 2 0
github.com/hd719/go-bookings/internal/driver/driver.go:26.16,27.13 1 0
github.com/hd719/go-bookings/internal/driver/driver.go:30.2,37.16 6 0
github.com/hd719/go-bookings/internal/driver/driver.go:37.16,39.3 1 0
github.com/hd719/go-bookings/internal/driver/driver.go:41.2,41.20 1 0
github.com/hd719/go-bookings/internal/driver/driver.go:45.47,47.16 2 0
github.com/hd719/go-bookings/internal/driver/driver.go:47.16,49.3 1 0
github.com/hd719/go-bookings/internal/driver/driver.go:51.2,51.33 1 0
github.com/hd719/go-bookings/internal/driver/driver.go:51.33,53.3 1 0
github.com/hd719/go-bookings/internal/driver/driver.go:55.2,55.16 1 0
github.com/hd719/go-bookings/internal/driver/driver.go:59.30,61.16 2 0
github.com/hd719/go-bookings/internal/driver/driver.go:61.16,63.3 1 0
github.com/hd719/go-bookings/internal/driver/driver.go:65.2,65.12 1 0
github.com/hd719/go-bookings/test_connect/main.go:11.13,14.16 2 0
github.com/hd719/go-bookings/test_connect/main.go:14.16,16.3 1 0
github.com/hd719/go-bookings/test_connect/main.go:17.2,23.16 4 0
github.com/hd719/go-bookings/test_connect/main.go:23.16,25.3 1 0
github.com/hd719/go-bookings/test_connect/main.go:27.2,31.16 3 0
github.com/hd719/go-bookings/test_connect/main.go:31.16,33.3 1 0
github.com/hd719/go-bookings/test_connect/main.go:36.2,38.16 3 0
github.com/hd719/go-bookings/test_connect/main.go:38.16,40.3 1 0
github.com/hd719/go-bookings/test_connect/main.go:42.2,46.16 3 0
github.com/hd719/go-bookings/test_connect/main.go:46.16,48.3 1 0
github.com/hd719/go-bookings/test_connect/main.go:51.2,53.16 3 0
github.com/hd719/go-bookings/test_connect/main.go:53.16,55.3 1 0
github.com/hd719/go-bookings/test_connect/main.go:57.2,61.16 3 0
github.com/hd719/go-bookings/test_connect/main.go:61.16,63.3 1 0
github.com/hd719/go-bookings/test_connect/main.go:66.2,73.16 6 0
github.com/hd719/go-bookings/test_connect/main.go:73.16,75.3 1 0
github.com/hd719/go-bookings/test_connect/main.go:76.2,81.16 4 0
github.com/hd719/go-bookings/test_connect/main.go:81.16,83.3 1 0
github.com/hd719/go-bookings/test_connect/main.go:85.2,89.16 3 0
github.com/hd719/go-bookings/test_connect/main.go:89.16,91.3 1 0
github.com/hd719/go-bookings/test_connect/main.go:95.37,97.16 2 0
github.com/hd719/go-bookings/test_connect/main.go:97.16,100.3 2 0
github.com/hd719/go-bookings/test_connect/main.go:101.2,106.18 4 0
github.com/hd719/go-bookings/test_connect/main.go:106.18,108.17 2 0
github.com/hd719/go-bookings/test_connect/main.go:108.17,111.4 2 0
github.com/hd719/go-bookings/test_connect/main.go:112.3,112.52 1 0
github.com/hd719/go-bookings/test_connect/main.go:115.2,115.34 1 0
github.com/hd719/go-bookings/test_connect/main.go:115.34,117.3 1 0
github.com/hd719/go-bookings/test_connect/main.go:119.2,121.12 2 0
github.com/hd719/go-bookings/internal/repository/dbrepo/dbrepo.go:27.81,32.2 1 0
github.com/hd719/go-bookings/internal/repository/dbrepo/dbrepo.go:34.63,38.2 1 0
github.com/hd719/go-bookings/internal/repository/dbrepo/postgres.go:12.42,14.2 1 0
github.com/hd719/go-bookings/internal/repository/dbrepo/postgres.go:17.81,33.16 6 0
github.com/hd719/go-bookings/internal/repository/dbrepo/postgres.go:33.16,35.3 1 0
github.com/hd719/go-bookings/internal/repository/dbrepo/postgres.go:37.2,37.19 1 0
github.com/hd719/go-bookings/internal/repository/dbrepo/postgres.go:41.80,48.16 5 0
github.com/hd719/go-bookings/internal/repository/dbrepo/postgres.go:48.16,50.3 1 0
github.com/hd719/go-bookings/internal/repository/dbrepo/postgres.go:52.2,52.12 1 0
github.com/hd719/go-bookings/internal/repository/dbrepo/postgres.go:56.109,66.16 7 0
github.com/hd719/go-bookings/internal/repository/dbrepo/postgres.go:66.16,68.3 1 0
github.com/hd719/go-bookings/internal/repository/dbrepo/postgres.go:70.2,70.18 1 0
github.com/hd719/go-bookings/internal/repository/dbrepo/postgres.go:70.18,72.3 1 0
github.com/hd719/go-bookings/internal/repository/dbrepo/postgres.go:74.2,74.19 1 0
github.com/hd719/go-bookings/internal/repository/dbrepo/postgres.go:78.101,87.16 6 0
github.com/hd719/go-bookings/internal/repository/dbrepo/postgres.go:87.16,89.3 1 0
github.com/hd719/go-bookings/internal/repository/dbrepo/postgres.go:91.2,91.18 1 0
github.com/hd719/go-bookings/internal/repository/dbrepo/postgres.go:91.18,99.17 3 0
github.com/hd719/go-bookings/internal/repository/dbrepo/postgres.go:99.17,101.4 1 0
github.com/hd719/go-bookings/internal/repository/dbrepo/postgres.go:103.3,103.30 1 0
github.com/hd719/go-bookings/internal/repository/dbrepo/postgres.go:106.2,106.34 1 0
github.com/hd719/go-bookings/internal/repository/dbrepo/postgres.go:106.34,109.3 2 0
github.com/hd719/go-bookings/internal/repository/dbrepo/postgres.go:111.2,111.19 1 0
github.com/hd719/go-bookings/internal/repository/dbrepo/postgres.go:115.67,130.16 7 0
github.com/hd719/go-bookings/internal/repository/dbrepo/postgres.go:130.16,132.3 1 0
github.com/hd719/go-bookings/internal/repository/dbrepo/postgres.go:134.2,134.18 1 0
github.com/hd719/go-bookings/internal/repository/dbrepo/test-repo.go:9.38,11.2 1 0
github.com/hd719/go-bookings/internal/repository/dbrepo/test-repo.go:14.77,16.2 1 0
github.com/hd719/go-bookings/internal/repository/dbrepo/test-repo.go:19.76,21.2 1 0
github.com/hd719/go-bookings/internal/repository/dbrepo/test-repo.go:24.105,26.2 1 0
github.com/hd719/go-bookings/internal/repository/dbrepo/test-repo.go:29.97,32.2 2 0
github.com/hd719/go-bookings/internal/repository/dbrepo/test-repo.go:35.63,38.2 2 0
github.com/hd719/go-bookings/internal/helpers/helpers.go:14.38,16.2 1 0
github.com/hd719/go-bookings/internal/helpers/helpers.go:18.53,21.2 2 0
github.com/hd719/go-bookings/internal/helpers/helpers.go:23.52,27.2 3 0
github.com/hd719/go-bookings/cmd/web/main.go:28.13,30.16 2 0
github.com/hd719/go-bookings/cmd/web/main.go:30.16,32.3 1 0
github.com/hd719/go-bookings/cmd/web/main.go:33.2,44.16 6 0
github.com/hd719/go-bookings/cmd/web/main.go:47.32,81.16 18 1
github.com/hd719/go-bookings/cmd/web/main.go:81.16,83.3 1 0
github.com/hd719/go-bookings/cmd/web/main.go:85.2,86.16 2 1
github.com/hd719/go-bookings/cmd/web/main.go:86.16,89.3 2 0
github.com/hd719/go-bookings/cmd/web/main.go:91.2,103.16 6 1
github.com/hd719/go-bookings/cmd/web/middleware.go:11.53,12.71 1 0
github.com/hd719/go-bookings/cmd/web/middleware.go:12.71,15.3 2 0
github.com/hd719/go-bookings/cmd/web/middleware.go:19.45,30.2 3 1
github.com/hd719/go-bookings/cmd/web/middleware.go:33.50,35.2 1 1
github.com/hd719/go-bookings/cmd/web/routes.go:13.49,42.2 20 1
github.com/hd719/go-bookings/internal/driver/driver.go:24.42,26.16 2 1
github.com/hd719/go-bookings/internal/driver/driver.go:26.16,27.13 1 0
github.com/hd719/go-bookings/internal/driver/driver.go:30.2,37.16 6 1
github.com/hd719/go-bookings/internal/driver/driver.go:37.16,39.3 1 0
github.com/hd719/go-bookings/internal/driver/driver.go:41.2,41.20 1 1
github.com/hd719/go-bookings/internal/driver/driver.go:45.47,47.16 2 1
github.com/hd719/go-bookings/internal/driver/driver.go:47.16,49.3 1 0
github.com/hd719/go-bookings/internal/driver/driver.go:51.2,51.33 1 1
github.com/hd719/go-bookings/internal/driver/driver.go:51.33,53.3 1 0
github.com/hd719/go-bookings/internal/driver/driver.go:55.2,55.16 1 1
github.com/hd719/go-bookings/internal/driver/driver.go:59.30,61.16 2 1
github.com/hd719/go-bookings/internal/driver/driver.go:61.16,63.3 1 0
github.com/hd719/go-bookings/internal/driver/driver.go:65.2,65.12 1 1
github.com/hd719/go-bookings/internal/helpers/helpers.go:14.38,16.2 1 1
github.com/hd719/go-bookings/internal/helpers/helpers.go:18.53,21.2 2 0
github.com/hd719/go-bookings/internal/helpers/helpers.go:23.52,27.2 3 0
github.com/hd719/go-bookings/internal/repository/dbrepo/dbrepo.go:27.81,32.2 1 1
github.com/hd719/go-bookings/internal/repository/dbrepo/dbrepo.go:34.63,38.2 1 0
github.com/hd719/go-bookings/internal/repository/dbrepo/postgres.go:12.42,14.2 1 0
github.com/hd719/go-bookings/internal/repository/dbrepo/postgres.go:17.81,33.16 6 0
github.com/hd719/go-bookings/internal/repository/dbrepo/postgres.go:33.16,35.3 1 0
github.com/hd719/go-bookings/internal/repository/dbrepo/postgres.go:37.2,37.19 1 0
github.com/hd719/go-bookings/internal/repository/dbrepo/postgres.go:41.80,48.16 5 0
github.com/hd719/go-bookings/internal/repository/dbrepo/postgres.go:48.16,50.3 1 0
github.com/hd719/go-bookings/internal/repository/dbrepo/postgres.go:52.2,52.12 1 0
github.com/hd719/go-bookings/internal/repository/dbrepo/postgres.go:56.109,66.16 7 0
github.com/hd719/go-bookings/internal/repository/dbrepo/postgres.go:66.16,68.3 1 0
github.com/hd719/go-bookings/internal/repository/dbrepo/postgres.go:70.2,70.18 1 0
github.com/hd719/go-bookings/internal/repository/dbrepo/postgres.go:70.18,72.3 1 0
github.com/hd719/go-bookings/internal/repository/dbrepo/postgres.go:74.2,74.19 1 0
github.com/hd719/go-bookings/internal/repository/dbrepo/postgres.go:78.101,87.16 6 0
github.com/hd719/go-bookings/internal/repository/dbrepo/postgres.go:87.16,89.3 1 0
github.com/hd719/go-bookings/internal/repository/dbrepo/postgres.go:91.2,91.18 1 0
github.com/hd719/go-bookings/internal/repository/dbrepo/postgres.go:91.18,99.17 3 0
github.com/hd719/go-bookings/internal/repository/dbrepo/postgres.go:99.17,101.4 1 0
github.com/hd719/go-bookings/internal/repository/dbrepo/postgres.go:103.3,103.30 1 0
github.com/hd719/go-bookings/internal/repository/dbrepo/postgres.go:106.2,106.34 1 0
github.com/hd719/go-bookings/internal/repository/dbrepo/postgres.go:106.34,109.3 2 0
github.com/hd719/go-bookings/internal/repository/dbrepo/postgres.go:111.2,111.19 1 0
github.com/hd719/go-bookings/internal/repository/dbrepo/postgres.go:115.67,130.16 7 0
github.com/hd719/go-bookings/internal/repository/dbrepo/postgres.go:130.16,132.3 1 0
github.com/hd719/go-bookings/internal/repository/dbrepo/postgres.go:134.2,134.18 1 0
github.com/hd719/go-bookings/internal/repository/dbrepo/test-repo.go:9.38,11.2 1 0
github.com/hd719/go-bookings/internal/repository/dbrepo/test-repo.go:14.77,16.2 1 0
github.com/hd719/go-bookings/internal/repository/dbrepo/test-repo.go:19.76,21.2 1 0
github.com/hd719/go-bookings/internal/repository/dbrepo/test-repo.go:24.105,26.2 1 0
github.com/hd719/go-bookings/internal/repository/dbrepo/test-repo.go:29.97,32.2 2 0
github.com/hd719/go-bookings/internal/repository/dbrepo/test-repo.go:35.63,38.2 2 0
github.com/hd719/go-bookings/internal/driver/driver.go:24.42,26.16 2 0
github.com/hd719/go-bookings/internal/driver/driver.go:26.16,27.13 1 0
github.com/hd719/go-bookings/internal/driver/driver.go:30.2,37.16 6 0
github.com/hd719/go-bookings/internal/driver/driver.go:37.16,39.3 1 0
github.com/hd719/go-bookings/internal/driver/driver.go:41.2,41.20 1 0
github.com/hd719/go-bookings/internal/driver/driver.go:45.47,47.16 2 0
github.com/hd719/go-bookings/internal/driver/driver.go:47.16,49.3 1 0
github.com/hd719/go-bookings/internal/driver/driver.go:51.2,51.33 1 0
github.com/hd719/go-bookings/internal/driver/driver.go:51.33,53.3 1 0
github.com/hd719/go-bookings/internal/driver/driver.go:55.2,55.16 1 0
github.com/hd719/go-bookings/internal/driver/driver.go:59.30,61.16 2 0
github.com/hd719/go-bookings/internal/driver/driver.go:61.16,63.3 1 0
github.com/hd719/go-bookings/internal/driver/driver.go:65.2,65.12 1 0
github.com/hd719/go-bookings/internal/handlers/handlers.go:30.50,40.2 2 0
github.com/hd719/go-bookings/internal/handlers/handlers.go:47.67,50.2 2 0
github.com/hd719/go-bookings/internal/handlers/handlers.go:52.68,54.2 1 0
github.com/hd719/go-bookings/internal/handlers/handlers.go:56.71,58.2 1 0
github.com/hd719/go-bookings/internal/handlers/handlers.go:60.69,62.2 1 0
github.com/hd719/go-bookings/internal/handlers/handlers.go:64.75,66.2 1 0
github.com/hd719/go-bookings/internal/handlers/handlers.go:69.79,76.16 5 0
github.com/hd719/go-bookings/internal/handlers/handlers.go:76.16,78.3 1 0
github.com/hd719/go-bookings/internal/handlers/handlers.go:80.2,81.16 2 0
github.com/hd719/go-bookings/internal/handlers/handlers.go:81.16,83.3 1 0
github.com/hd719/go-bookings/internal/handlers/handlers.go:85.2,86.16 2 0
github.com/hd719/go-bookings/internal/handlers/handlers.go:86.16,89.3 2 0
github.com/hd719/go-bookings/internal/handlers/handlers.go:92.2,92.21 1 0
github.com/hd719/go-bookings/internal/handlers/handlers.go:92.21,97.3 4 0
github.com/hd719/go-bookings/internal/handlers/handlers.go:99.2,111.4 5 0
github.com/hd719/go-bookings/internal/handlers/handlers.go:122.79,143.16 11 0
github.com/hd719/go-bookings/internal/handlers/handlers.go:143.16,146.3 2 0
github.com/hd719/go-bookings/internal/handlers/handlers.go:148.2,149.14 2 0
github.com/hd719/go-bookings/internal/handlers/handlers.go:152.70,154.2 1 0
github.com/hd719/go-bookings/internal/handlers/handlers.go:156.74,158.9 2 1
github.com/hd719/go-bookings/internal/handlers/handlers.go:158.9,161.3 2 0
github.com/hd719/go-bookings/internal/handlers/handlers.go:163.2,164.16 2 1
github.com/hd719/go-bookings/internal/handlers/handlers.go:164.16,166.3 1 0
github.com/hd719/go-bookings/internal/handlers/handlers.go:167.2,185.4 10 1
github.com/hd719/go-bookings/internal/handlers/handlers.go:188.78,190.9 2 0
github.com/hd719/go-bookings/internal/handlers/handlers.go:190.9,193.3 2 0
github.com/hd719/go-bookings/internal/handlers/handlers.go:195.2,196.16 2 0
github.com/hd719/go-bookings/internal/handlers/handlers.go:196.16,199.3 2 0
github.com/hd719/go-bookings/internal/handlers/handlers.go:202.2,222.19 9 0
github.com/hd719/go-bookings/internal/handlers/handlers.go:222.19,232.3 4 0
github.com/hd719/go-bookings/internal/handlers/handlers.go:235.2,240.16 4 0
github.com/hd719/go-bookings/internal/handlers/handlers.go:240.16,243.3 2 0
github.com/hd719/go-bookings/internal/handlers/handlers.go:246.2,255.16 3 0
github.com/hd719/go-bookings/internal/handlers/handlers.go:255.16,258.3 2 0
github.com/hd719/go-bookings/internal/handlers/handlers.go:261.2,264.66 2 0
github.com/hd719/go-bookings/internal/handlers/handlers.go:268.81,272.9 2 0
github.com/hd719/go-bookings/internal/handlers/handlers.go:272.9,277.3 4 0
github.com/hd719/go-bookings/internal/handlers/handlers.go:280.2,294.4 9 0
github.com/hd719/go-bookings/internal/handlers/handlers.go:298.73,300.16 2 0
github.com/hd719/go-bookings/internal/handlers/handlers.go:300.16,303.3 2 0
github.com/hd719/go-bookings/internal/handlers/handlers.go:305.2,306.9 2 0
github.com/hd719/go-bookings/internal/handlers/handlers.go:306.9,309.3 2 0
github.com/hd719/go-bookings/internal/handlers/handlers.go:311.2,314.63 3 0
github.com/hd719/go-bookings/internal/handlers/handlers.go:318.71,329.16 7 0
github.com/hd719/go-bookings/internal/handlers/handlers.go:329.16,331.3 1 0
github.com/hd719/go-bookings/internal/handlers/handlers.go:333.2,334.16 2 0
github.com/hd719/go-bookings/internal/handlers/handlers.go:334.16,336.3 1 0
github.com/hd719/go-bookings/internal/handlers/handlers.go:338.2,339.16 2 0
github.com/hd719/go-bookings/internal/handlers/handlers.go:339.16,341.3 1 0
github.com/hd719/go-bookings/internal/handlers/handlers.go:343.2,352.63 7 0
github.com/hd719/go-bookings/internal/helpers/helpers.go:14.38,16.2 1 0
github.com/hd719/go-bookings/internal/helpers/helpers.go:18.53,21.2 2 0
github.com/hd719/go-bookings/internal/helpers/helpers.go:23.52,27.2 3 0
github.com/hd719/go-bookings/internal/repository/dbrepo/dbrepo.go:27.81,32.2 1 0
github.com/hd719/go-bookings/internal/repository/dbrepo/dbrepo.go:34.63,38.2 1 1
github.com/hd719/go-bookings/internal/repository/dbrepo/postgres.go:12.42,14.2 1 0
github.com/hd719/go-bookings/internal/repository/dbrepo/postgres.go:17.81,33.16 6 0
github.com/hd719/go-bookings/internal/repository/dbrepo/postgres.go:33.16,35.3 1 0
github.com/hd719/go-bookings/internal/repository/dbrepo/postgres.go:37.2,37.19 1 0
github.com/hd719/go-bookings/internal/repository/dbrepo/postgres.go:41.80,48.16 5 0
github.com/hd719/go-bookings/internal/repository/dbrepo/postgres.go:48.16,50.3 1 0
github.com/hd719/go-bookings/internal/repository/dbrepo/postgres.go:52.2,52.12 1 0
github.com/hd719/go-bookings/internal/repository/dbrepo/postgres.go:56.109,66.16 7 0
github.com/hd719/go-bookings/internal/repository/dbrepo/postgres.go:66.16,68.3 1 0
github.com/hd719/go-bookings/internal/repository/dbrepo/postgres.go:70.2,70.18 1 0
github.com/hd719/go-bookings/internal/repository/dbrepo/postgres.go:70.18,72.3 1 0
github.com/hd719/go-bookings/internal/repository/dbrepo/postgres.go:74.2,74.19 1 0
github.com/hd719/go-bookings/internal/repository/dbrepo/postgres.go:78.101,87.16 6 0
github.com/hd719/go-bookings/internal/repository/dbrepo/postgres.go:87.16,89.3 1 0
github.com/hd719/go-bookings/internal/repository/dbrepo/postgres.go:91.2,91.18 1 0
github.com/hd719/go-bookings/internal/repository/dbrepo/postgres.go:91.18,99.17 3 0
github.com/hd719/go-bookings/internal/repository/dbrepo/postgres.go:99.17,101.4 1 0
github.com/hd719/go-bookings/internal/repository/dbrepo/postgres.go:103.3,103.30 1 0
github.com/hd719/go-bookings/internal/repository/dbrepo/postgres.go:106.2,106.34 1 0
github.com/hd719/go-bookings/internal/repository/dbrepo/postgres.go:106.34,109.3 2 0
github.com/hd719/go-bookings/internal/repository/dbrepo/postgres.go:111.2,111.19 1 0
github.com/hd719/go-bookings/internal/repository/dbrepo/postgres.go:115.67,130.16 7 0
github.com/hd719/go-bookings/internal/repository/dbrepo/postgres.go:130.16,132.3 1 0
github.com/hd719/go-bookings/internal/repository/dbrepo/postgres.go:134.2,134.18 1 0
github.com/hd719/go-bookings/internal/repository/dbrepo/test-repo.go:9.38,11.2 1 0
github.com/hd719/go-bookings/internal/repository/dbrepo/test-repo.go:14.77,16.2 1 0
github.com/hd719/go-bookings/internal/repository/dbrepo/test-repo.go:19.76,21.2 1 0
github.com/hd719/go-bookings/internal/repository/dbrepo/test-repo.go:24.105,26.2 1 0
github.com/hd719/go-bookings/internal/repository/dbrepo/test-repo.go:29.97,32.2 2 0
github.com/hd719/go-bookings/internal/repository/dbrepo/test-repo.go:35.63,38.2 2 1
github.com/hd719/go-bookings/internal/render/render.go:20.39,22.2 1 1
github.com/hd719/go-bookings/internal/render/render.go:24.84,31.2 5 1
github.com/hd719/go-bookings/internal/render/render.go:33.101,37.18 2 1
github.com/hd719/go-bookings/internal/render/render.go:37.18,39.3 1 0
github.com/hd719/go-bookings/internal/render/render.go:39.8,41.3 1 1
github.com/hd719/go-bookings/internal/render/render.go:43.2,44.9 2 1
github.com/hd719/go-bookings/internal/render/render.go:44.9,47.3 1 1
github.com/hd719/go-bookings/internal/render/render.go:49.2,56.16 5 1
github.com/hd719/go-bookings/internal/render/render.go:56.16,59.3 2 0
github.com/hd719/go-bookings/internal/render/render.go:61.2,61.12 1 1
github.com/hd719/go-bookings/internal/render/render.go:64.67,70.16 3 1
github.com/hd719/go-bookings/internal/render/render.go:70.16,72.3 1 0
github.com/hd719/go-bookings/internal/render/render.go:75.2,75.29 1 1
github.com/hd719/go-bookings/internal/render/render.go:75.29,81.17 3 1
github.com/hd719/go-bookings/internal/render/render.go:81.17,83.4 1 0
github.com/hd719/go-bookings/internal/render/render.go:87.3,88.17 2 1
github.com/hd719/go-bookings/internal/render/render.go:88.17,90.4 1 0
github.com/hd719/go-bookings/internal/render/render.go:92.3,92.23 1 1
github.com/hd719/go-bookings/internal/render/render.go:92.23,96.18 2 1
github.com/hd719/go-bookings/internal/render/render.go:96.18,98.5 1 0
github.com/hd719/go-bookings/internal/render/render.go:101.3,101.21 1 1
github.com/hd719/go-bookings/internal/render/render.go:107.2,107.21 1 1
