mode: set
github.com/hd719/go-bookings/cmd/web/main.go:23.13,25.16 2 0
github.com/hd719/go-bookings/cmd/web/main.go:25.16,27.3 1 0
github.com/hd719/go-bookings/cmd/web/main.go:29.2,37.16 4 0
github.com/hd719/go-bookings/cmd/web/main.go:40.18,56.16 10 1
github.com/hd719/go-bookings/cmd/web/main.go:56.16,59.3 2 0
github.com/hd719/go-bookings/cmd/web/main.go:61.2,69.12 6 1
github.com/hd719/go-bookings/cmd/web/middleware.go:11.53,12.71 1 0
github.com/hd719/go-bookings/cmd/web/middleware.go:12.71,15.3 2 0
github.com/hd719/go-bookings/cmd/web/middleware.go:19.45,30.2 3 1
github.com/hd719/go-bookings/cmd/web/middleware.go:33.50,35.2 1 1
github.com/hd719/go-bookings/cmd/web/routes.go:13.49,40.2 18 1
