mode: set
github.com/hd719/go-bookings/internal/handlers/handlers.go:30.50,40.2 2 0
github.com/hd719/go-bookings/internal/handlers/handlers.go:47.67,50.2 2 1
github.com/hd719/go-bookings/internal/handlers/handlers.go:52.68,54.2 1 1
github.com/hd719/go-bookings/internal/handlers/handlers.go:56.71,58.2 1 1
github.com/hd719/go-bookings/internal/handlers/handlers.go:60.69,62.2 1 1
github.com/hd719/go-bookings/internal/handlers/handlers.go:64.75,66.2 1 1
github.com/hd719/go-bookings/internal/handlers/handlers.go:69.79,76.16 5 0
github.com/hd719/go-bookings/internal/handlers/handlers.go:76.16,78.3 1 0
github.com/hd719/go-bookings/internal/handlers/handlers.go:80.2,81.16 2 0
github.com/hd719/go-bookings/internal/handlers/handlers.go:81.16,83.3 1 0
github.com/hd719/go-bookings/internal/handlers/handlers.go:85.2,86.16 2 0
github.com/hd719/go-bookings/internal/handlers/handlers.go:86.16,89.3 2 0
github.com/hd719/go-bookings/internal/handlers/handlers.go:92.2,92.21 1 0
github.com/hd719/go-bookings/internal/handlers/handlers.go:92.21,97.3 4 0
github.com/hd719/go-bookings/internal/handlers/handlers.go:99.2,111.4 5 0
github.com/hd719/go-bookings/internal/handlers/handlers.go:122.79,143.16 11 0
github.com/hd719/go-bookings/internal/handlers/handlers.go:143.16,146.3 2 0
github.com/hd719/go-bookings/internal/handlers/handlers.go:148.2,149.14 2 0
github.com/hd719/go-bookings/internal/handlers/handlers.go:152.70,154.2 1 1
github.com/hd719/go-bookings/internal/handlers/handlers.go:156.74,158.9 2 1
github.com/hd719/go-bookings/internal/handlers/handlers.go:158.9,162.3 3 1
github.com/hd719/go-bookings/internal/handlers/handlers.go:164.2,165.16 2 1
github.com/hd719/go-bookings/internal/handlers/handlers.go:165.16,169.3 3 1
github.com/hd719/go-bookings/internal/handlers/handlers.go:171.2,189.4 10 1
github.com/hd719/go-bookings/internal/handlers/handlers.go:192.78,194.9 2 0
github.com/hd719/go-bookings/internal/handlers/handlers.go:194.9,197.3 2 0
github.com/hd719/go-bookings/internal/handlers/handlers.go:199.2,200.16 2 0
github.com/hd719/go-bookings/internal/handlers/handlers.go:200.16,203.3 2 0
github.com/hd719/go-bookings/internal/handlers/handlers.go:206.2,226.19 9 0
github.com/hd719/go-bookings/internal/handlers/handlers.go:226.19,236.3 4 0
github.com/hd719/go-bookings/internal/handlers/handlers.go:239.2,244.16 4 0
github.com/hd719/go-bookings/internal/handlers/handlers.go:244.16,247.3 2 0
github.com/hd719/go-bookings/internal/handlers/handlers.go:250.2,259.16 3 0
github.com/hd719/go-bookings/internal/handlers/handlers.go:259.16,262.3 2 0
github.com/hd719/go-bookings/internal/handlers/handlers.go:265.2,268.66 2 0
github.com/hd719/go-bookings/internal/handlers/handlers.go:272.81,276.9 2 0
github.com/hd719/go-bookings/internal/handlers/handlers.go:276.9,281.3 4 0
github.com/hd719/go-bookings/internal/handlers/handlers.go:284.2,298.4 9 0
github.com/hd719/go-bookings/internal/handlers/handlers.go:302.73,304.16 2 0
github.com/hd719/go-bookings/internal/handlers/handlers.go:304.16,307.3 2 0
github.com/hd719/go-bookings/internal/handlers/handlers.go:309.2,310.9 2 0
github.com/hd719/go-bookings/internal/handlers/handlers.go:310.9,313.3 2 0
github.com/hd719/go-bookings/internal/handlers/handlers.go:315.2,318.63 3 0
github.com/hd719/go-bookings/internal/handlers/handlers.go:322.71,333.16 7 0
github.com/hd719/go-bookings/internal/handlers/handlers.go:333.16,335.3 1 0
github.com/hd719/go-bookings/internal/handlers/handlers.go:337.2,338.16 2 0
github.com/hd719/go-bookings/internal/handlers/handlers.go:338.16,340.3 1 0
github.com/hd719/go-bookings/internal/handlers/handlers.go:342.2,343.16 2 0
github.com/hd719/go-bookings/internal/handlers/handlers.go:343.16,345.3 1 0
github.com/hd719/go-bookings/internal/handlers/handlers.go:347.2,356.63 7 0
